[0324/171741.652:INFO:CONSOLE(2)] "jQuery.Deferred exception: homeSlider.owlCarousel is not a function TypeError: homeSlider.owlCarousel is not a function
    at initHomeSlider (http://localhost:8000/js/custom.js:101:15)
    at HTMLDocument.<anonymous> (http://localhost:8000/js/custom.js:46:2)
    at j (http://localhost:8000/js/jquery-3.2.1.min.js:2:29999)
    at k (http://localhost:8000/js/jquery-3.2.1.min.js:2:30313) undefined", source: http://localhost:8000/js/jquery-3.2.1.min.js (2)
[0324/171741.653:INFO:CONSOLE(2)] "jQuery.Deferred exception: homeSlider.owlCarousel is not a function TypeError: homeSlider.owlCarousel is not a function
    at initHomeSlider (http://localhost:8000/js/custom.js:101:15)
    at HTMLDocument.<anonymous> (http://localhost:8000/js/custom.js:46:2)
    at j (http://localhost:8000/js/jquery-3.2.1.min.js:2:29999)
    at k (http://localhost:8000/js/jquery-3.2.1.min.js:2:30313) undefined", source: http://localhost:8000/js/jquery-3.2.1.min.js (2)
[0324/171741.657:INFO:CONSOLE(2)] "Uncaught TypeError: homeSlider.owlCarousel is not a function", source: http://localhost:8000/js/jquery-3.2.1.min.js (2)
[0324/171741.657:INFO:CONSOLE(2)] "Uncaught TypeError: homeSlider.owlCarousel is not a function", source: http://localhost:8000/js/jquery-3.2.1.min.js (2)
[0324/171741.840:INFO:CONSOLE(0)] "Access to XMLHttpRequest at 'http://127.0.0.1:8000/_wdt/949a8d' from origin 'http://localhost:8000' has been blocked by CORS policy: Response to preflight request doesn't pass access control check: It does not have HTTP ok status.", source: http://localhost:8000/ (0)
[0324/171742.090:INFO:CONSOLE(0)] "Access to XMLHttpRequest at 'http://127.0.0.1:8000/_wdt/7f421c' from origin 'http://localhost:8000' has been blocked by CORS policy: Response to preflight request doesn't pass access control check: It does not have HTTP ok status.", source: http://localhost:8000/ (0)
[0324/193400.911:INFO:CONSOLE(2)] "jQuery.Deferred exception: homeSlider.owlCarousel is not a function TypeError: homeSlider.owlCarousel is not a function
    at initHomeSlider (http://localhost:8000/js/custom.js:101:15)
    at HTMLDocument.<anonymous> (http://localhost:8000/js/custom.js:46:2)
    at j (http://localhost:8000/js/jquery-3.2.1.min.js:2:29999)
    at k (http://localhost:8000/js/jquery-3.2.1.min.js:2:30313) undefined", source: http://localhost:8000/js/jquery-3.2.1.min.js (2)
[0324/193400.912:INFO:CONSOLE(2)] "jQuery.Deferred exception: homeSlider.owlCarousel is not a function TypeError: homeSlider.owlCarousel is not a function
    at initHomeSlider (http://localhost:8000/js/custom.js:101:15)
    at HTMLDocument.<anonymous> (http://localhost:8000/js/custom.js:46:2)
    at j (http://localhost:8000/js/jquery-3.2.1.min.js:2:29999)
    at k (http://localhost:8000/js/jquery-3.2.1.min.js:2:30313) undefined", source: http://localhost:8000/js/jquery-3.2.1.min.js (2)
[0324/193400.916:INFO:CONSOLE(2)] "Uncaught TypeError: homeSlider.owlCarousel is not a function", source: http://localhost:8000/js/jquery-3.2.1.min.js (2)
[0324/193400.916:INFO:CONSOLE(2)] "Uncaught TypeError: homeSlider.owlCarousel is not a function", source: http://localhost:8000/js/jquery-3.2.1.min.js (2)
[0324/193401.109:INFO:CONSOLE(0)] "Access to XMLHttpRequest at 'http://127.0.0.1:8000/_wdt/949a8d' from origin 'http://localhost:8000' has been blocked by CORS policy: Response to preflight request doesn't pass access control check: It does not have HTTP ok status.", source: http://localhost:8000/ (0)
[0324/193401.320:INFO:CONSOLE(0)] "Access to XMLHttpRequest at 'http://127.0.0.1:8000/_wdt/9f4960' from origin 'http://localhost:8000' has been blocked by CORS policy: Response to preflight request doesn't pass access control check: It does not have HTTP ok status.", source: http://localhost:8000/ (0)
[0324/193640.697:INFO:CONSOLE(2)] "jQuery.Deferred exception: homeSlider.owlCarousel is not a function TypeError: homeSlider.owlCarousel is not a function
    at initHomeSlider (http://localhost:8000/js/custom.js:101:15)
    at HTMLDocument.<anonymous> (http://localhost:8000/js/custom.js:46:2)
    at j (http://localhost:8000/js/jquery-3.2.1.min.js:2:29999)
    at k (http://localhost:8000/js/jquery-3.2.1.min.js:2:30313) undefined", source: http://localhost:8000/js/jquery-3.2.1.min.js (2)
[0324/193640.697:INFO:CONSOLE(2)] "jQuery.Deferred exception: homeSlider.owlCarousel is not a function TypeError: homeSlider.owlCarousel is not a function
    at initHomeSlider (http://localhost:8000/js/custom.js:101:15)
    at HTMLDocument.<anonymous> (http://localhost:8000/js/custom.js:46:2)
    at j (http://localhost:8000/js/jquery-3.2.1.min.js:2:29999)
    at k (http://localhost:8000/js/jquery-3.2.1.min.js:2:30313) undefined", source: http://localhost:8000/js/jquery-3.2.1.min.js (2)
[0324/193640.701:INFO:CONSOLE(2)] "Uncaught TypeError: homeSlider.owlCarousel is not a function", source: http://localhost:8000/js/jquery-3.2.1.min.js (2)
[0324/193640.701:INFO:CONSOLE(2)] "Uncaught TypeError: homeSlider.owlCarousel is not a function", source: http://localhost:8000/js/jquery-3.2.1.min.js (2)
[0324/193640.882:INFO:CONSOLE(0)] "Access to XMLHttpRequest at 'http://127.0.0.1:8000/_wdt/949a8d' from origin 'http://localhost:8000' has been blocked by CORS policy: Response to preflight request doesn't pass access control check: It does not have HTTP ok status.", source: http://localhost:8000/ (0)
[0324/193641.082:INFO:CONSOLE(0)] "Access to XMLHttpRequest at 'http://127.0.0.1:8000/_wdt/30d717' from origin 'http://localhost:8000' has been blocked by CORS policy: Response to preflight request doesn't pass access control check: It does not have HTTP ok status.", source: http://localhost:8000/ (0)
[0324/193721.773:INFO:CONSOLE(0)] "A cookie associated with a cross-site resource at https://accounts.google.com/ was set without the `SameSite` attribute. A future release of Chrome will only deliver cookies with cross-site requests if they are set with `SameSite=None` and `Secure`. You can review cookies in developer tools under Application>Storage>Cookies and see more details at https://www.chromestatus.com/feature/5088147346030592 and https://www.chromestatus.com/feature/5633521622188032.", source: https://m.youtube.com/watch?v=N-N4ldA0lgA (0)
[0324/193721.774:INFO:CONSOLE(0)] "Refused to display 'https://accounts.google.com/ServiceLogin?ltmpl=mobile&service=youtube&uilel=3&passive=true&continue=https%3A%2F%2Fm.youtube.com%2Fsignin%3Faction_handle_signin%3Dtrue%26app%3Dm%26hl%3Den%26next%3D%252Fsignin_passive%26feature%3Dmobile_passive%26noapp%3D1&hl=en' in a frame because it set 'X-Frame-Options' to 'deny'.", source: https://m.youtube.com/watch?v=N-N4ldA0lgA (0)
[0324/193721.792:INFO:CONSOLE(0)] "Uncaught (in promise) NetworkError: A network error occurred.", source: https://m.youtube.com/watch?v=N-N4ldA0lgA (0)
[0324/193721.792:INFO:CONSOLE(0)] "Uncaught (in promise) NetworkError: A network error occurred.", source: https://m.youtube.com/watch?v=N-N4ldA0lgA (0)
[0324/193721.848:WARNING:spdy_session.cc(3365)] Received HEADERS for invalid stream 1
[0324/193721.866:WARNING:spdy_session.cc(3365)] Received HEADERS for invalid stream 3
[0324/193721.921:WARNING:spdy_session.cc(3365)] Received HEADERS for invalid stream 11
[0324/193829.703:INFO:CONSOLE(0)] "A cookie associated with a cross-site resource at https://accounts.google.com/ was set without the `SameSite` attribute. A future release of Chrome will only deliver cookies with cross-site requests if they are set with `SameSite=None` and `Secure`. You can review cookies in developer tools under Application>Storage>Cookies and see more details at https://www.chromestatus.com/feature/5088147346030592 and https://www.chromestatus.com/feature/5633521622188032.", source: https://m.youtube.com/watch?v=N-N4ldA0lgA (0)
[0324/193829.703:INFO:CONSOLE(0)] "Refused to display 'https://accounts.google.com/ServiceLogin?ltmpl=mobile&service=youtube&uilel=3&passive=true&continue=https%3A%2F%2Fm.youtube.com%2Fsignin%3Faction_handle_signin%3Dtrue%26app%3Dm%26hl%3Den%26next%3D%252Fsignin_passive%26feature%3Dmobile_passive%26noapp%3D1&hl=en' in a frame because it set 'X-Frame-Options' to 'deny'.", source: https://m.youtube.com/watch?v=N-N4ldA0lgA (0)
[0324/193829.718:INFO:CONSOLE(0)] "Uncaught (in promise) NetworkError: A network error occurred.", source: https://m.youtube.com/watch?v=N-N4ldA0lgA (0)
[0324/193829.718:INFO:CONSOLE(0)] "Uncaught (in promise) NetworkError: A network error occurred.", source: https://m.youtube.com/watch?v=N-N4ldA0lgA (0)
[0324/193829.759:WARNING:spdy_session.cc(3365)] Received HEADERS for invalid stream 11
[0324/193915.059:INFO:CONSOLE(2)] "jQuery.Deferred exception: homeSlider.owlCarousel is not a function TypeError: homeSlider.owlCarousel is not a function
    at initHomeSlider (http://localhost:8000/js/custom.js:101:15)
    at HTMLDocument.<anonymous> (http://localhost:8000/js/custom.js:46:2)
    at j (http://localhost:8000/js/jquery-3.2.1.min.js:2:29999)
    at k (http://localhost:8000/js/jquery-3.2.1.min.js:2:30313) undefined", source: http://localhost:8000/js/jquery-3.2.1.min.js (2)
[0324/193915.072:INFO:CONSOLE(2)] "jQuery.Deferred exception: homeSlider.owlCarousel is not a function TypeError: homeSlider.owlCarousel is not a function
    at initHomeSlider (http://localhost:8000/js/custom.js:101:15)
    at HTMLDocument.<anonymous> (http://localhost:8000/js/custom.js:46:2)
    at j (http://localhost:8000/js/jquery-3.2.1.min.js:2:29999)
    at k (http://localhost:8000/js/jquery-3.2.1.min.js:2:30313) undefined", source: http://localhost:8000/js/jquery-3.2.1.min.js (2)
[0324/193915.075:INFO:CONSOLE(2)] "Uncaught TypeError: homeSlider.owlCarousel is not a function", source: http://localhost:8000/js/jquery-3.2.1.min.js (2)
[0324/193915.075:INFO:CONSOLE(2)] "Uncaught TypeError: homeSlider.owlCarousel is not a function", source: http://localhost:8000/js/jquery-3.2.1.min.js (2)
[0324/193915.243:INFO:CONSOLE(0)] "Access to XMLHttpRequest at 'http://127.0.0.1:8000/_wdt/949a8d' from origin 'http://localhost:8000' has been blocked by CORS policy: Response to preflight request doesn't pass access control check: It does not have HTTP ok status.", source: http://localhost:8000/ (0)
[0324/193915.441:INFO:CONSOLE(0)] "Access to XMLHttpRequest at 'http://127.0.0.1:8000/_wdt/dd7115' from origin 'http://localhost:8000' has been blocked by CORS policy: Response to preflight request doesn't pass access control check: It does not have HTTP ok status.", source: http://localhost:8000/ (0)
[0324/193955.063:INFO:CONSOLE(2)] "jQuery.Deferred exception: homeSlider.owlCarousel is not a function TypeError: homeSlider.owlCarousel is not a function
    at initHomeSlider (http://localhost:8000/js/custom.js:101:15)
    at HTMLDocument.<anonymous> (http://localhost:8000/js/custom.js:46:2)
    at j (http://localhost:8000/js/jquery-3.2.1.min.js:2:29999)
    at k (http://localhost:8000/js/jquery-3.2.1.min.js:2:30313) undefined", source: http://localhost:8000/js/jquery-3.2.1.min.js (2)
[0324/193955.074:INFO:CONSOLE(2)] "jQuery.Deferred exception: homeSlider.owlCarousel is not a function TypeError: homeSlider.owlCarousel is not a function
    at initHomeSlider (http://localhost:8000/js/custom.js:101:15)
    at HTMLDocument.<anonymous> (http://localhost:8000/js/custom.js:46:2)
    at j (http://localhost:8000/js/jquery-3.2.1.min.js:2:29999)
    at k (http://localhost:8000/js/jquery-3.2.1.min.js:2:30313) undefined", source: http://localhost:8000/js/jquery-3.2.1.min.js (2)
[0324/193955.078:INFO:CONSOLE(2)] "Uncaught TypeError: homeSlider.owlCarousel is not a function", source: http://localhost:8000/js/jquery-3.2.1.min.js (2)
[0324/193955.078:INFO:CONSOLE(2)] "Uncaught TypeError: homeSlider.owlCarousel is not a function", source: http://localhost:8000/js/jquery-3.2.1.min.js (2)
[0324/193955.232:INFO:CONSOLE(0)] "Access to XMLHttpRequest at 'http://127.0.0.1:8000/_wdt/949a8d' from origin 'http://localhost:8000' has been blocked by CORS policy: Response to preflight request doesn't pass access control check: It does not have HTTP ok status.", source: http://localhost:8000/ (0)
[0324/193955.452:INFO:CONSOLE(0)] "Access to XMLHttpRequest at 'http://127.0.0.1:8000/_wdt/200b29' from origin 'http://localhost:8000' has been blocked by CORS policy: Response to preflight request doesn't pass access control check: It does not have HTTP ok status.", source: http://localhost:8000/ (0)
[0324/194044.035:INFO:CONSOLE(2)] "jQuery.Deferred exception: homeSlider.owlCarousel is not a function TypeError: homeSlider.owlCarousel is not a function
    at initHomeSlider (http://localhost:8000/js/custom.js:101:15)
    at HTMLDocument.<anonymous> (http://localhost:8000/js/custom.js:46:2)
    at j (http://localhost:8000/js/jquery-3.2.1.min.js:2:29999)
    at k (http://localhost:8000/js/jquery-3.2.1.min.js:2:30313) undefined", source: http://localhost:8000/js/jquery-3.2.1.min.js (2)
[0324/194044.036:INFO:CONSOLE(2)] "jQuery.Deferred exception: homeSlider.owlCarousel is not a function TypeError: homeSlider.owlCarousel is not a function
    at initHomeSlider (http://localhost:8000/js/custom.js:101:15)
    at HTMLDocument.<anonymous> (http://localhost:8000/js/custom.js:46:2)
    at j (http://localhost:8000/js/jquery-3.2.1.min.js:2:29999)
    at k (http://localhost:8000/js/jquery-3.2.1.min.js:2:30313) undefined", source: http://localhost:8000/js/jquery-3.2.1.min.js (2)
[0324/194044.040:INFO:CONSOLE(2)] "Uncaught TypeError: homeSlider.owlCarousel is not a function", source: http://localhost:8000/js/jquery-3.2.1.min.js (2)
[0324/194044.040:INFO:CONSOLE(2)] "Uncaught TypeError: homeSlider.owlCarousel is not a function", source: http://localhost:8000/js/jquery-3.2.1.min.js (2)
[0324/194044.232:INFO:CONSOLE(0)] "Access to XMLHttpRequest at 'http://127.0.0.1:8000/_wdt/949a8d' from origin 'http://localhost:8000' has been blocked by CORS policy: Response to preflight request doesn't pass access control check: It does not have HTTP ok status.", source: http://localhost:8000/ (0)
[0324/194044.465:INFO:CONSOLE(0)] "Access to XMLHttpRequest at 'http://127.0.0.1:8000/_wdt/e75d14' from origin 'http://localhost:8000' has been blocked by CORS policy: Response to preflight request doesn't pass access control check: It does not have HTTP ok status.", source: http://localhost:8000/ (0)
[0401/030030.293:INFO:CONSOLE(0)] "A cookie associated with a cross-site resource at https://accounts.google.com/ was set without the `SameSite` attribute. A future release of Chrome will only deliver cookies with cross-site requests if they are set with `SameSite=None` and `Secure`. You can review cookies in developer tools under Application>Storage>Cookies and see more details at https://www.chromestatus.com/feature/5088147346030592 and https://www.chromestatus.com/feature/5633521622188032.", source: https://m.youtube.com/watch?v=fujboh-W7Sk (0)
[0401/030030.325:INFO:CONSOLE(0)] "Refused to display 'https://accounts.google.com/ServiceLogin?ltmpl=mobile&service=youtube&uilel=3&passive=true&continue=https%3A%2F%2Fm.youtube.com%2Fsignin%3Faction_handle_signin%3Dtrue%26app%3Dm%26hl%3Den%26next%3D%252Fsignin_passive%26feature%3Dmobile_passive%26noapp%3D1&hl=en' in a frame because it set 'X-Frame-Options' to 'deny'.", source: https://m.youtube.com/watch?v=fujboh-W7Sk (0)
[0401/034146.339:INFO:CONSOLE(0)] "A cookie associated with a cross-site resource at https://accounts.google.com/ was set without the `SameSite` attribute. A future release of Chrome will only deliver cookies with cross-site requests if they are set with `SameSite=None` and `Secure`. You can review cookies in developer tools under Application>Storage>Cookies and see more details at https://www.chromestatus.com/feature/5088147346030592 and https://www.chromestatus.com/feature/5633521622188032.", source: https://m.youtube.com/watch?v=fujboh-W7Sk (0)
[0401/034146.340:INFO:CONSOLE(0)] "Refused to display 'https://accounts.google.com/ServiceLogin?ltmpl=mobile&service=youtube&uilel=3&passive=true&continue=https%3A%2F%2Fm.youtube.com%2Fsignin%3Faction_handle_signin%3Dtrue%26app%3Dm%26hl%3Den%26next%3D%252Fsignin_passive%26feature%3Dmobile_passive%26noapp%3D1&hl=en' in a frame because it set 'X-Frame-Options' to 'deny'.", source: https://m.youtube.com/watch?v=fujboh-W7Sk (0)
[0401/034146.376:WARNING:spdy_session.cc(3365)] Received HEADERS for invalid stream 19
[0429/195206.602:INFO:CONSOLE(0)] "A cookie associated with a cross-site resource at https://accounts.google.com/ was set without the `SameSite` attribute. A future release of Chrome will only deliver cookies with cross-site requests if they are set with `SameSite=None` and `Secure`. You can review cookies in developer tools under Application>Storage>Cookies and see more details at https://www.chromestatus.com/feature/5088147346030592 and https://www.chromestatus.com/feature/5633521622188032.", source: https://m.youtube.com/watch?v=to4IDjJVays (0)
[0429/195206.602:INFO:CONSOLE(0)] "Refused to display 'https://accounts.google.com/ServiceLogin?ltmpl=mobile&service=youtube&uilel=3&passive=true&continue=https%3A%2F%2Fm.youtube.com%2Fsignin%3Faction_handle_signin%3Dtrue%26app%3Dm%26hl%3Den%26next%3D%252Fsignin_passive%26feature%3Dmobile_passive%26noapp%3D1&hl=en' in a frame because it set 'X-Frame-Options' to 'deny'.", source: https://m.youtube.com/watch?v=to4IDjJVays (0)
[0429/195206.669:WARNING:spdy_session.cc(3365)] Received HEADERS for invalid stream 17
[0429/195230.112:ERROR:batching_media_log.cc(38)] MediaEvent: {"error":"FFmpegDemuxer: no supported streams"}
[0429/195230.115:ERROR:batching_media_log.cc(35)] MediaEvent: {"pipeline_error":14}
[0429/195230.279:ERROR:batching_media_log.cc(38)] MediaEvent: {"error":"FFmpegDemuxer: no supported streams"}
[0429/195230.279:ERROR:batching_media_log.cc(35)] MediaEvent: {"pipeline_error":14}
[0429/195231.795:ERROR:batching_media_log.cc(38)] MediaEvent: {"error":"FFmpegDemuxer: no supported streams"}
[0429/195231.796:ERROR:batching_media_log.cc(35)] MediaEvent: {"pipeline_error":14}
[0429/195232.038:ERROR:batching_media_log.cc(38)] MediaEvent: {"error":"FFmpegDemuxer: no supported streams"}
[0429/195232.038:ERROR:batching_media_log.cc(35)] MediaEvent: {"pipeline_error":14}
[0508/191725.290:INFO:CONSOLE(0)] "Access to XMLHttpRequest at 'https://googleads.g.doubleclick.net/pagead/viewthroughconversion/962985656/?backend=innertube&cname=56&cver=20230502&foc_id=svqVGtbbyHaMoevxPAq9Fg&label=followon_view&ptype=no_rmkt&random=292851257&cv_attributed=0' (redirected from 'https://www.youtube.com/pagead/viewthroughconversion/962985656/?backend=innertube&cname=56&cver=20230502&foc_id=svqVGtbbyHaMoevxPAq9Fg&label=followon_view&ptype=no_rmkt&random=292851257') from origin 'https://www.youtube.com' has been blocked by CORS policy: No 'Access-Control-Allow-Origin' header is present on the requested resource.", source: https://www.youtube.com/embed/mAtkPQO1FcA (0)
[0509/001649.192:WARNING:spdy_session.cc(3365)] Received HEADERS for invalid stream 11
[0509/001649.214:WARNING:spdy_session.cc(3365)] Received HEADERS for invalid stream 13
[0509/022201.342:WARNING:spdy_session.cc(3365)] Received HEADERS for invalid stream 3
[0509/022201.373:WARNING:spdy_session.cc(3365)] Received HEADERS for invalid stream 5
[0509/133417.005:WARNING:spdy_session.cc(3365)] Received HEADERS for invalid stream 17
[0509/160337.721:WARNING:spdy_session.cc(3365)] Received HEADERS for invalid stream 5
[0509/161749.302:WARNING:spdy_session.cc(3365)] Received HEADERS for invalid stream 17
[0509/161749.317:WARNING:spdy_session.cc(3365)] Received HEADERS for invalid stream 19
[0509/162728.143:WARNING:spdy_session.cc(3365)] Received HEADERS for invalid stream 7
[0509/162728.155:WARNING:spdy_session.cc(3365)] Received HEADERS for invalid stream 9
[0508/134530.259:WARNING:dns_config_service_win.cc(700)] Failed to read DnsConfig.
[0508/134530.935:WARNING:dns_config_service_win.cc(700)] Failed to read DnsConfig.
[0508/134535.263:WARNING:dns_config_service_win.cc(700)] Failed to read DnsConfig.
[0508/134535.945:WARNING:dns_config_service_win.cc(700)] Failed to read DnsConfig.
[0508/134540.276:WARNING:dns_config_service_win.cc(700)] Failed to read DnsConfig.
[0508/134540.959:WARNING:dns_config_service_win.cc(700)] Failed to read DnsConfig.
[0508/134545.280:WARNING:dns_config_service_win.cc(700)] Failed to read DnsConfig.
[0508/134545.966:WARNING:dns_config_service_win.cc(700)] Failed to read DnsConfig.
[0508/134550.284:WARNING:dns_config_service_win.cc(700)] Failed to read DnsConfig.
[0508/134550.983:WARNING:dns_config_service_win.cc(700)] Failed to read DnsConfig.
[0508/134736.855:INFO:CONSOLE(0)] "A cookie associated with a cross-site resource at https://accounts.google.com/ was set without the `SameSite` attribute. A future release of Chrome will only deliver cookies with cross-site requests if they are set with `SameSite=None` and `Secure`. You can review cookies in developer tools under Application>Storage>Cookies and see more details at https://www.chromestatus.com/feature/5088147346030592 and https://www.chromestatus.com/feature/5633521622188032.", source: https://m.youtube.com/watch?v=to4IDjJVays (0)
[0508/134737.050:ERROR:batching_media_log.cc(38)] MediaEvent: {"error":"FFmpegDemuxer: no supported streams"}
[0508/134737.051:ERROR:batching_media_log.cc(35)] MediaEvent: {"pipeline_error":14}
[0508/134737.074:ERROR:batching_media_log.cc(38)] MediaEvent: {"error":"FFmpegDemuxer: no supported streams"}
[0508/134737.074:ERROR:batching_media_log.cc(35)] MediaEvent: {"pipeline_error":14}
[0508/134737.145:ERROR:batching_media_log.cc(38)] MediaEvent: {"error":"FFmpegDemuxer: no supported streams"}
[0508/134737.145:ERROR:batching_media_log.cc(35)] MediaEvent: {"pipeline_error":14}
[0508/134743.972:ERROR:batching_media_log.cc(38)] MediaEvent: {"error":"FFmpegDemuxer: no supported streams"}
[0508/134743.972:ERROR:batching_media_log.cc(35)] MediaEvent: {"pipeline_error":14}
[0508/134819.071:ERROR:batching_media_log.cc(38)] MediaEvent: {"error":"FFmpegDemuxer: no supported streams"}
[0508/134819.071:ERROR:batching_media_log.cc(38)] MediaEvent: {"error":"FFmpegDemuxer: no supported streams"}
[0508/134819.071:ERROR:batching_media_log.cc(38)] MediaEvent: {"error":"FFmpegDemuxer: no supported streams"}
[0508/134819.077:ERROR:batching_media_log.cc(35)] MediaEvent: {"pipeline_error":14}
[0508/134819.077:ERROR:batching_media_log.cc(35)] MediaEvent: {"pipeline_error":14}
[0508/134819.078:ERROR:batching_media_log.cc(38)] MediaEvent: {"error":"FFmpegDemuxer: no supported streams"}
[0508/134819.078:ERROR:batching_media_log.cc(35)] MediaEvent: {"pipeline_error":14}
[0508/134819.079:ERROR:batching_media_log.cc(35)] MediaEvent: {"pipeline_error":14}
[0508/135054.686:WARNING:spdy_session.cc(3365)] Received HEADERS for invalid stream 5
[0508/135058.272:WARNING:spdy_session.cc(3365)] Received HEADERS for invalid stream 7
[0508/135058.741:WARNING:spdy_session.cc(3365)] Received HEADERS for invalid stream 9
[0509/115917.301:INFO:CONSOLE(0)] "A cookie associated with a cross-site resource at https://accounts.google.com/ was set without the `SameSite` attribute. A future release of Chrome will only deliver cookies with cross-site requests if they are set with `SameSite=None` and `Secure`. You can review cookies in developer tools under Application>Storage>Cookies and see more details at https://www.chromestatus.com/feature/5088147346030592 and https://www.chromestatus.com/feature/5633521622188032.", source: https://m.youtube.com/watch?v=to4IDjJVays (0)
[0509/115917.933:ERROR:batching_media_log.cc(38)] MediaEvent: {"error":"FFmpegDemuxer: no supported streams"}
[0509/115917.933:ERROR:batching_media_log.cc(38)] MediaEvent: {"error":"FFmpegDemuxer: no supported streams"}
[0509/115917.934:ERROR:batching_media_log.cc(35)] MediaEvent: {"pipeline_error":14}
[0509/115917.934:ERROR:batching_media_log.cc(35)] MediaEvent: {"pipeline_error":14}
[0509/115918.067:ERROR:batching_media_log.cc(38)] MediaEvent: {"error":"FFmpegDemuxer: no supported streams"}
[0509/115918.068:ERROR:batching_media_log.cc(38)] MediaEvent: {"error":"FFmpegDemuxer: no supported streams"}
[0509/115918.070:ERROR:batching_media_log.cc(35)] MediaEvent: {"pipeline_error":14}
[0509/115918.070:ERROR:batching_media_log.cc(35)] MediaEvent: {"pipeline_error":14}
[0509/153317.853:WARNING:dns_config_service_win.cc(700)] Failed to read DnsConfig.
[0509/153318.619:WARNING:dns_config_service_win.cc(700)] Failed to read DnsConfig.
[0509/153322.875:WARNING:dns_config_service_win.cc(700)] Failed to read DnsConfig.
[0509/153323.634:WARNING:dns_config_service_win.cc(700)] Failed to read DnsConfig.
[0509/153327.892:WARNING:dns_config_service_win.cc(700)] Failed to read DnsConfig.
[0509/153328.651:WARNING:dns_config_service_win.cc(700)] Failed to read DnsConfig.
[0509/153332.906:WARNING:dns_config_service_win.cc(700)] Failed to read DnsConfig.
[0509/153333.662:WARNING:dns_config_service_win.cc(700)] Failed to read DnsConfig.
[0509/153337.914:WARNING:dns_config_service_win.cc(700)] Failed to read DnsConfig.
[0509/153338.675:WARNING:dns_config_service_win.cc(700)] Failed to read DnsConfig.
[0509/153342.929:WARNING:dns_config_service_win.cc(700)] Failed to read DnsConfig.
[0509/153343.688:WARNING:dns_config_service_win.cc(700)] Failed to read DnsConfig.
[0509/153347.933:WARNING:dns_config_service_win.cc(700)] Failed to read DnsConfig.
[0509/153348.707:WARNING:dns_config_service_win.cc(700)] Failed to read DnsConfig.
[0509/153352.940:WARNING:dns_config_service_win.cc(700)] Failed to read DnsConfig.
[0509/153353.727:WARNING:dns_config_service_win.cc(700)] Failed to read DnsConfig.
[0509/153357.965:WARNING:dns_config_service_win.cc(700)] Failed to read DnsConfig.
[0509/153358.739:WARNING:dns_config_service_win.cc(700)] Failed to read DnsConfig.
[0509/153402.973:WARNING:dns_config_service_win.cc(700)] Failed to read DnsConfig.
[0509/153403.751:WARNING:dns_config_service_win.cc(700)] Failed to read DnsConfig.
[0509/153407.980:WARNING:dns_config_service_win.cc(700)] Failed to read DnsConfig.
[0509/153408.769:WARNING:dns_config_service_win.cc(700)] Failed to read DnsConfig.
[0509/153412.998:WARNING:dns_config_service_win.cc(700)] Failed to read DnsConfig.
[0509/153413.773:WARNING:dns_config_service_win.cc(700)] Failed to read DnsConfig.
[0509/153418.011:WARNING:dns_config_service_win.cc(700)] Failed to read DnsConfig.
[0509/153418.786:WARNING:dns_config_service_win.cc(700)] Failed to read DnsConfig.
[0509/153423.025:WARNING:dns_config_service_win.cc(700)] Failed to read DnsConfig.
[0509/153423.815:WARNING:dns_config_service_win.cc(700)] Failed to read DnsConfig.
[0509/153428.151:WARNING:dns_config_service_win.cc(700)] Failed to read DnsConfig.
[0509/153428.833:WARNING:dns_config_service_win.cc(700)] Failed to read DnsConfig.
[0509/153433.210:WARNING:dns_config_service_win.cc(700)] Failed to read DnsConfig.
[0509/153433.894:WARNING:dns_config_service_win.cc(700)] Failed to read DnsConfig.
[0509/153438.244:WARNING:dns_config_service_win.cc(700)] Failed to read DnsConfig.
[0509/153438.972:WARNING:dns_config_service_win.cc(700)] Failed to read DnsConfig.
[0509/153443.259:WARNING:dns_config_service_win.cc(700)] Failed to read DnsConfig.
[0509/153443.982:WARNING:dns_config_service_win.cc(700)] Failed to read DnsConfig.
[0509/153448.289:WARNING:dns_config_service_win.cc(700)] Failed to read DnsConfig.
[0509/153449.013:WARNING:dns_config_service_win.cc(700)] Failed to read DnsConfig.
[0509/153453.305:WARNING:dns_config_service_win.cc(700)] Failed to read DnsConfig.
[0509/153454.027:WARNING:dns_config_service_win.cc(700)] Failed to read DnsConfig.
[0509/153458.327:WARNING:dns_config_service_win.cc(700)] Failed to read DnsConfig.
[0509/153459.037:WARNING:dns_config_service_win.cc(700)] Failed to read DnsConfig.
[0509/153503.340:WARNING:dns_config_service_win.cc(700)] Failed to read DnsConfig.
[0509/153504.049:WARNING:dns_config_service_win.cc(700)] Failed to read DnsConfig.
[0509/153508.352:WARNING:dns_config_service_win.cc(700)] Failed to read DnsConfig.
[0509/153509.061:WARNING:dns_config_service_win.cc(700)] Failed to read DnsConfig.
[0509/153513.359:WARNING:dns_config_service_win.cc(700)] Failed to read DnsConfig.
[0509/153514.068:WARNING:dns_config_service_win.cc(700)] Failed to read DnsConfig.
[0509/153518.371:WARNING:dns_config_service_win.cc(700)] Failed to read DnsConfig.
[0509/153519.080:WARNING:dns_config_service_win.cc(700)] Failed to read DnsConfig.
[0509/153523.386:WARNING:dns_config_service_win.cc(700)] Failed to read DnsConfig.
[0509/153524.093:WARNING:dns_config_service_win.cc(700)] Failed to read DnsConfig.
[0509/153528.416:WARNING:dns_config_service_win.cc(700)] Failed to read DnsConfig.
[0509/153529.129:WARNING:dns_config_service_win.cc(700)] Failed to read DnsConfig.
[0509/153533.459:WARNING:dns_config_service_win.cc(700)] Failed to read DnsConfig.
[0509/153534.159:WARNING:dns_config_service_win.cc(700)] Failed to read DnsConfig.
[0509/153538.480:WARNING:dns_config_service_win.cc(700)] Failed to read DnsConfig.
[0509/153539.177:WARNING:dns_config_service_win.cc(700)] Failed to read DnsConfig.
[0509/153543.485:WARNING:dns_config_service_win.cc(700)] Failed to read DnsConfig.
[0509/153544.186:WARNING:dns_config_service_win.cc(700)] Failed to read DnsConfig.
[0509/153548.515:WARNING:dns_config_service_win.cc(700)] Failed to read DnsConfig.
[0509/153549.212:WARNING:dns_config_service_win.cc(700)] Failed to read DnsConfig.
[0509/153553.525:WARNING:dns_config_service_win.cc(700)] Failed to read DnsConfig.
[0509/153554.218:WARNING:dns_config_service_win.cc(700)] Failed to read DnsConfig.
[0509/153558.540:WARNING:dns_config_service_win.cc(700)] Failed to read DnsConfig.
[0509/153559.233:WARNING:dns_config_service_win.cc(700)] Failed to read DnsConfig.
[0509/153603.548:WARNING:dns_config_service_win.cc(700)] Failed to read DnsConfig.
[0509/153604.240:WARNING:dns_config_service_win.cc(700)] Failed to read DnsConfig.
[0509/153608.555:WARNING:dns_config_service_win.cc(700)] Failed to read DnsConfig.
[0509/153609.247:WARNING:dns_config_service_win.cc(700)] Failed to read DnsConfig.
[0509/153613.563:WARNING:dns_config_service_win.cc(700)] Failed to read DnsConfig.
[0509/153614.256:WARNING:dns_config_service_win.cc(700)] Failed to read DnsConfig.
[0509/153618.572:WARNING:dns_config_service_win.cc(700)] Failed to read DnsConfig.
[0509/153619.267:WARNING:dns_config_service_win.cc(700)] Failed to read DnsConfig.
[0509/153623.586:WARNING:dns_config_service_win.cc(700)] Failed to read DnsConfig.
[0509/153624.281:WARNING:dns_config_service_win.cc(700)] Failed to read DnsConfig.
[0509/153628.597:WARNING:dns_config_service_win.cc(700)] Failed to read DnsConfig.
[0509/153629.292:WARNING:dns_config_service_win.cc(700)] Failed to read DnsConfig.
[0509/153633.619:WARNING:dns_config_service_win.cc(700)] Failed to read DnsConfig.
[0509/153634.297:WARNING:dns_config_service_win.cc(700)] Failed to read DnsConfig.
[0509/153638.624:WARNING:dns_config_service_win.cc(700)] Failed to read DnsConfig.
[0509/153639.302:WARNING:dns_config_service_win.cc(700)] Failed to read DnsConfig.
[0509/153643.632:WARNING:dns_config_service_win.cc(700)] Failed to read DnsConfig.
[0509/153644.316:WARNING:dns_config_service_win.cc(700)] Failed to read DnsConfig.
[0509/153648.643:WARNING:dns_config_service_win.cc(700)] Failed to read DnsConfig.
[0509/153649.322:WARNING:dns_config_service_win.cc(700)] Failed to read DnsConfig.
[0509/153653.651:WARNING:dns_config_service_win.cc(700)] Failed to read DnsConfig.
[0509/153654.329:WARNING:dns_config_service_win.cc(700)] Failed to read DnsConfig.
[0509/153658.657:WARNING:dns_config_service_win.cc(700)] Failed to read DnsConfig.
[0509/153659.333:WARNING:dns_config_service_win.cc(700)] Failed to read DnsConfig.
[0509/153703.675:WARNING:dns_config_service_win.cc(700)] Failed to read DnsConfig.
[0509/153704.337:WARNING:dns_config_service_win.cc(700)] Failed to read DnsConfig.
[0510/110129.986:INFO:CONSOLE(0)] "A cookie associated with a cross-site resource at https://accounts.google.com/ was set without the `SameSite` attribute. A future release of Chrome will only deliver cookies with cross-site requests if they are set with `SameSite=None` and `Secure`. You can review cookies in developer tools under Application>Storage>Cookies and see more details at https://www.chromestatus.com/feature/5088147346030592 and https://www.chromestatus.com/feature/5633521622188032.", source: https://m.youtube.com/watch?v=to4IDjJVays (0)
[0510/110130.886:ERROR:batching_media_log.cc(38)] MediaEvent: {"error":"FFmpegDemuxer: no supported streams"}
[0510/110130.886:ERROR:batching_media_log.cc(35)] MediaEvent: {"pipeline_error":14}
[0510/110130.976:ERROR:batching_media_log.cc(38)] MediaEvent: {"error":"FFmpegDemuxer: no supported streams"}
[0510/110130.977:ERROR:batching_media_log.cc(35)] MediaEvent: {"pipeline_error":14}
[0510/110131.100:ERROR:batching_media_log.cc(38)] MediaEvent: {"error":"FFmpegDemuxer: no supported streams"}
[0510/110131.100:ERROR:batching_media_log.cc(35)] MediaEvent: {"pipeline_error":14}
[0510/110131.102:ERROR:batching_media_log.cc(38)] MediaEvent: {"error":"FFmpegDemuxer: no supported streams"}
[0510/110131.102:ERROR:batching_media_log.cc(35)] MediaEvent: {"pipeline_error":14}
[0510/110245.941:WARNING:spdy_session.cc(3365)] Received HEADERS for invalid stream 57
[0510/114114.931:INFO:CONSOLE(0)] "A cookie associated with a cross-site resource at https://accounts.google.com/ was set without the `SameSite` attribute. A future release of Chrome will only deliver cookies with cross-site requests if they are set with `SameSite=None` and `Secure`. You can review cookies in developer tools under Application>Storage>Cookies and see more details at https://www.chromestatus.com/feature/5088147346030592 and https://www.chromestatus.com/feature/5633521622188032.", source: https://m.youtube.com/watch?v=to4IDjJVays (0)
[0510/114115.646:ERROR:batching_media_log.cc(38)] MediaEvent: {"error":"FFmpegDemuxer: no supported streams"}
[0510/114115.646:ERROR:batching_media_log.cc(38)] MediaEvent: {"error":"FFmpegDemuxer: no supported streams"}
[0510/114115.646:ERROR:batching_media_log.cc(38)] MediaEvent: {"error":"FFmpegDemuxer: no supported streams"}
[0510/114115.646:ERROR:batching_media_log.cc(38)] MediaEvent: {"error":"FFmpegDemuxer: no supported streams"}
[0510/114115.646:ERROR:batching_media_log.cc(35)] MediaEvent: {"pipeline_error":14}
[0510/114115.646:ERROR:batching_media_log.cc(35)] MediaEvent: {"pipeline_error":14}
[0510/114115.646:ERROR:batching_media_log.cc(35)] MediaEvent: {"pipeline_error":14}
[0510/114115.646:ERROR:batching_media_log.cc(35)] MediaEvent: {"pipeline_error":14}
[0510/114125.409:WARNING:spdy_session.cc(3365)] Received HEADERS for invalid stream 61
[0510/121229.822:INFO:CONSOLE(0)] "A cookie associated with a cross-site resource at https://accounts.google.com/ was set without the `SameSite` attribute. A future release of Chrome will only deliver cookies with cross-site requests if they are set with `SameSite=None` and `Secure`. You can review cookies in developer tools under Application>Storage>Cookies and see more details at https://www.chromestatus.com/feature/5088147346030592 and https://www.chromestatus.com/feature/5633521622188032.", source: https://m.youtube.com/watch?v=to4IDjJVays (0)
[0510/121230.580:ERROR:batching_media_log.cc(38)] MediaEvent: {"error":"FFmpegDemuxer: no supported streams"}
[0510/121230.580:ERROR:batching_media_log.cc(38)] MediaEvent: {"error":"FFmpegDemuxer: no supported streams"}
[0510/121230.580:ERROR:batching_media_log.cc(38)] MediaEvent: {"error":"FFmpegDemuxer: no supported streams"}
[0510/121230.580:ERROR:batching_media_log.cc(38)] MediaEvent: {"error":"FFmpegDemuxer: no supported streams"}
[0510/121230.581:ERROR:batching_media_log.cc(35)] MediaEvent: {"pipeline_error":14}
[0510/121230.581:ERROR:batching_media_log.cc(35)] MediaEvent: {"pipeline_error":14}
[0510/121230.581:ERROR:batching_media_log.cc(35)] MediaEvent: {"pipeline_error":14}
[0510/121230.582:ERROR:batching_media_log.cc(35)] MediaEvent: {"pipeline_error":14}
[0511/234321.189:WARNING:dns_config_service_win.cc(700)] Failed to read DnsConfig.
[0511/234321.446:WARNING:dns_config_service_win.cc(700)] Failed to read DnsConfig.
[0511/234326.197:WARNING:dns_config_service_win.cc(700)] Failed to read DnsConfig.
[0511/234326.462:WARNING:dns_config_service_win.cc(700)] Failed to read DnsConfig.
[0511/234331.213:WARNING:dns_config_service_win.cc(700)] Failed to read DnsConfig.
[0511/234331.478:WARNING:dns_config_service_win.cc(700)] Failed to read DnsConfig.
[0511/234336.224:WARNING:dns_config_service_win.cc(700)] Failed to read DnsConfig.
[0511/234426.978:WARNING:dns_config_service_win.cc(700)] Failed to read DnsConfig.
[0511/234427.214:WARNING:dns_config_service_win.cc(700)] Failed to read DnsConfig.
[0511/234431.987:WARNING:dns_config_service_win.cc(700)] Failed to read DnsConfig.
[0511/234432.238:WARNING:dns_config_service_win.cc(700)] Failed to read DnsConfig.
[0511/234848.882:WARNING:dns_config_service_win.cc(700)] Failed to read DnsConfig.
[0511/234849.133:WARNING:dns_config_service_win.cc(700)] Failed to read DnsConfig.
[0511/234853.895:WARNING:dns_config_service_win.cc(700)] Failed to read DnsConfig.
[0511/234854.163:WARNING:dns_config_service_win.cc(700)] Failed to read DnsConfig.
[0511/234858.911:WARNING:dns_config_service_win.cc(700)] Failed to read DnsConfig.
[0511/234859.179:WARNING:dns_config_service_win.cc(700)] Failed to read DnsConfig.
[0511/234903.915:WARNING:dns_config_service_win.cc(700)] Failed to read DnsConfig.
[0511/234904.198:WARNING:dns_config_service_win.cc(700)] Failed to read DnsConfig.
[0511/234908.927:WARNING:dns_config_service_win.cc(700)] Failed to read DnsConfig.
[0511/234909.210:WARNING:dns_config_service_win.cc(700)] Failed to read DnsConfig.
[0511/235105.596:WARNING:dns_config_service_win.cc(700)] Failed to read DnsConfig.
[0511/235105.849:WARNING:dns_config_service_win.cc(700)] Failed to read DnsConfig.
[0511/235110.604:WARNING:dns_config_service_win.cc(700)] Failed to read DnsConfig.
[0511/235110.858:WARNING:dns_config_service_win.cc(700)] Failed to read DnsConfig.
[0511/235115.612:WARNING:dns_config_service_win.cc(700)] Failed to read DnsConfig.
[0511/235115.865:WARNING:dns_config_service_win.cc(700)] Failed to read DnsConfig.
[0512/000756.676:ERROR:batching_media_log.cc(38)] MediaEvent: {"error":"FFmpegDemuxer: no supported streams"}
[0512/000756.676:ERROR:batching_media_log.cc(35)] MediaEvent: {"pipeline_error":14}
[0512/000757.009:ERROR:batching_media_log.cc(38)] MediaEvent: {"error":"FFmpegDemuxer: no supported streams"}
[0512/000757.009:ERROR:batching_media_log.cc(35)] MediaEvent: {"pipeline_error":14}
[0512/000758.431:ERROR:batching_media_log.cc(38)] MediaEvent: {"error":"FFmpegDemuxer: no supported streams"}
[0512/000758.431:ERROR:batching_media_log.cc(35)] MediaEvent: {"pipeline_error":14}
[0512/000758.432:ERROR:batching_media_log.cc(38)] MediaEvent: {"error":"FFmpegDemuxer: no supported streams"}
[0512/000758.432:ERROR:batching_media_log.cc(35)] MediaEvent: {"pipeline_error":14}
[0512/101644.062:INFO:CONSOLE(0)] "A cookie associated with a cross-site resource at https://accounts.google.com/ was set without the `SameSite` attribute. A future release of Chrome will only deliver cookies with cross-site requests if they are set with `SameSite=None` and `Secure`. You can review cookies in developer tools under Application>Storage>Cookies and see more details at https://www.chromestatus.com/feature/5088147346030592 and https://www.chromestatus.com/feature/5633521622188032.", source: https://m.youtube.com/watch?v=to4IDjJVays (0)
[0512/101644.316:ERROR:batching_media_log.cc(38)] MediaEvent: {"error":"FFmpegDemuxer: no supported streams"}
[0512/101644.316:ERROR:batching_media_log.cc(38)] MediaEvent: {"error":"FFmpegDemuxer: no supported streams"}
[0512/101644.318:ERROR:batching_media_log.cc(35)] MediaEvent: {"pipeline_error":14}
[0512/101644.318:ERROR:batching_media_log.cc(35)] MediaEvent: {"pipeline_error":14}
[0512/101644.368:ERROR:batching_media_log.cc(38)] MediaEvent: {"error":"FFmpegDemuxer: no supported streams"}
[0512/101644.368:ERROR:batching_media_log.cc(35)] MediaEvent: {"pipeline_error":14}
[0512/101646.662:ERROR:batching_media_log.cc(38)] MediaEvent: {"error":"FFmpegDemuxer: no supported streams"}
[0512/101646.663:ERROR:batching_media_log.cc(35)] MediaEvent: {"pipeline_error":14}
[0512/215626.498:WARNING:spdy_session.cc(3365)] Received HEADERS for invalid stream 1
[0512/215626.524:WARNING:spdy_session.cc(3365)] Received HEADERS for invalid stream 17
[0512/215626.525:WARNING:spdy_session.cc(3365)] Received HEADERS for invalid stream 15
[0512/222855.949:WARNING:spdy_session.cc(3365)] Received HEADERS for invalid stream 13
[0512/222856.049:WARNING:spdy_session.cc(3365)] Received HEADERS for invalid stream 15
[0512/222856.049:WARNING:spdy_session.cc(3365)] Received HEADERS for invalid stream 3
[0512/223032.899:WARNING:spdy_session.cc(3365)] Received HEADERS for invalid stream 17
[0512/223032.900:WARNING:spdy_session.cc(3365)] Received HEADERS for invalid stream 19
[0512/223247.726:WARNING:spdy_session.cc(3365)] Received HEADERS for invalid stream 11
[0512/223247.798:WARNING:spdy_session.cc(3365)] Received HEADERS for invalid stream 13
[0512/230210.176:WARNING:spdy_session.cc(3365)] Received HEADERS for invalid stream 17
